successfully logged in.

********************************************************************* incollege **********************************************************************

account options
-------------------------------
1. job search/internship
2. find someone you know
3. learn a new skill
4. useful links
5. incollege important links
6. show my network
7: my profile
8: delete my account
q: log out

select an option: 
********************************************************************* incollege **********************************************************************

useful links
-------------------------------
1. general
2. browse incollege
3. business solutions
4. directories
q. quit

select an option: 

********************************************************************* incollege **********************************************************************

general help
-------------------------------
1. help center
2. about
3. press
4. blog
5. careers
6. developers
q. quit
select an option: 

********************************************************************* incollege **********************************************************************

useful links
-------------------------------
1. general
2. browse incollege
3. business solutions
4. directories
q. quit

select an option: 

********************************************************************* incollege **********************************************************************

account options
-------------------------------
1. job search/internship
2. find someone you know
3. learn a new skill
4. useful links
5. incollege important links
6. show my network
7: my profile
8: delete my account
q: log out

select an option: 